Started at Mon Aug 01 01:38:47 GMT 2022
Processing esrdtfjgkhj
Offering esrdtfjgkhj to Project Build Discarder
Processing sdfgjh
Offering sdfgjh to Project Build Discarder
Finished at Mon Aug 01 01:38:47 GMT 2022. 10ms
Started at Mon Aug 01 02:38:47 GMT 2022
Processing backup
Offering backup to Project Build Discarder
Processing esrdtfjgkhj
Offering esrdtfjgkhj to Project Build Discarder
Processing sdfgjh
Offering sdfgjh to Project Build Discarder
Finished at Mon Aug 01 02:38:47 GMT 2022. 2ms
Started at Mon Aug 01 03:38:47 GMT 2022
Processing backup
Offering backup to Project Build Discarder
Processing esrdtfjgkhj
Offering esrdtfjgkhj to Project Build Discarder
Processing sdfgjh
Offering sdfgjh to Project Build Discarder
Finished at Mon Aug 01 03:38:47 GMT 2022. 3ms
Started at Mon Aug 01 04:38:47 GMT 2022
Processing backup
Offering backup to Project Build Discarder
Processing esrdtfjgkhj
Offering esrdtfjgkhj to Project Build Discarder
Processing sdfgjh
Offering sdfgjh to Project Build Discarder
Finished at Mon Aug 01 04:38:47 GMT 2022. 5ms
Started at Mon Aug 01 05:38:47 GMT 2022
Processing backup
Offering backup to Project Build Discarder
Processing esrdtfjgkhj
Offering esrdtfjgkhj to Project Build Discarder
Processing sdfgjh
Offering sdfgjh to Project Build Discarder
Finished at Mon Aug 01 05:38:47 GMT 2022. 5ms
